<?xml version="1.0" encoding="UTF-8"?>
<!-- Generated by org.testng.reporters.JUnitXMLReporter -->
<testsuite ignored="5" hostname="Taruns-MacBook-Pro.local" failures="0" tests="2" name="Default test" time="26.954" errors="0" timestamp="2022-10-17T12:40:06 IST">
  <testcase classname="seleniummaven.firstdemo" name="TestCase2" time="5.259"/>
  <testcase classname="seleniummaven.firstdemo" name="windowHandling" time="13.826"/>
  <testcase classname="seleniummaven.firstdemo" name="Test_Working_links" time="0.0">
    <ignored/>
  </testcase> <!-- Test_Working_links -->
  <testcase classname="seleniummaven.firstdemo" name="TestCase3" time="0.0">
    <ignored/>
  </testcase> <!-- TestCase3 -->
  <testcase classname="seleniummaven.firstdemo" name="TestCase1" time="0.0">
    <ignored/>
  </testcase> <!-- TestCase1 -->
  <testcase classname="seleniummaven.firstdemo" name="TestCase4" time="0.0">
    <ignored/>
  </testcase> <!-- TestCase4 -->
  <testcase classname="seleniummaven.firstdemo" name="TestLinks" time="0.0">
    <ignored/>
  </testcase> <!-- TestLinks -->
</testsuite> <!-- Default test -->
