<?xml version="1.0" encoding="UTF-8"?>
<testng-results ignored="5" total="7" passed="2" failed="0" skipped="0">
  <reporter-output>
  </reporter-output>
  <suite started-at="2022-10-17T12:39:39 IST" name="Default suite" finished-at="2022-10-17T12:40:06 IST" duration-ms="26954">
    <groups>
    </groups>
    <test started-at="2022-10-17T12:39:39 IST" name="Default test" finished-at="2022-10-17T12:40:06 IST" duration-ms="26954">
      <class name="seleniummaven.firstdemo">
        <test-method is-config="true" signature="BT()[pri:0, instance:seleniummaven.firstdemo@37d4349f]" started-at="2022-10-17T12:39:39 IST" name="BT" finished-at="2022-10-17T12:39:47 IST" duration-ms="7830" status="PASS">
          <reporter-output>
          </reporter-output>
        </test-method> <!-- BT -->
        <test-method signature="TestCase2()[pri:0, instance:seleniummaven.firstdemo@37d4349f]" started-at="2022-10-17T12:39:47 IST" name="TestCase2" finished-at="2022-10-17T12:39:52 IST" duration-ms="5259" status="PASS">
          <reporter-output>
          </reporter-output>
        </test-method> <!-- TestCase2 -->
        <test-method signature="windowHandling()[pri:6, instance:seleniummaven.firstdemo@37d4349f]" started-at="2022-10-17T12:39:52 IST" name="windowHandling" finished-at="2022-10-17T12:40:06 IST" duration-ms="13826" status="PASS">
          <reporter-output>
          </reporter-output>
        </test-method> <!-- windowHandling -->
      </class> <!-- seleniummaven.firstdemo -->
    </test> <!-- Default test -->
  </suite> <!-- Default suite -->
</testng-results>
