<?xml version="1.0" encoding="UTF-8"?>
<!-- Generated by org.testng.reporters.JUnitXMLReporter -->
<testsuite ignored="1" hostname="Taruns-MacBook-Pro.local" failures="0" tests="2" name="Test" time="39.808" errors="0" timestamp="2022-10-10T23:20:57 IST">
  <testcase classname="seleniummaven.firstdemo" name="TestCase2" time="3.394"/>
  <testcase classname="seleniummaven.firstdemo" name="TestCase3" time="10.902"/>
  <testcase classname="seleniummaven.firstdemo" name="TestCase1" time="0.0">
    <ignored/>
  </testcase> <!-- TestCase1 -->
</testsuite> <!-- Test -->
